0 info it worked if it ends with ok
1 verbose cli [ 'C:\\Program Files (x86)\\nodejs\\\\node.exe',
1 verbose cli   'C:\\Program Files (x86)\\nodejs\\node_modules\\npm\\bin\\npm-cli.js',
1 verbose cli   'publish' ]
2 info using npm@2.10.1
3 info using node@v0.12.4
4 verbose publish [ '.' ]
5 silly cache add args [ '.', null ]
6 verbose cache add spec .
7 silly cache add parsed spec { raw: '.',
7 silly cache add   scope: null,
7 silly cache add   name: null,
7 silly cache add   rawSpec: '.',
7 silly cache add   spec: 'C:\\Users\\zubair.shaikh\\Documents\\GitHub\\calculatorz',
7 silly cache add   type: 'directory' }
8 verbose addLocalDirectory C:\Users\zubair.shaikh\AppData\Roaming\npm-cache\calculatorz\1.1.1\package.tgz not in flight; packing
9 verbose tar pack [ 'C:\\Users\\zubair.shaikh\\AppData\\Roaming\\npm-cache\\calculatorz\\1.1.1\\package.tgz',
9 verbose tar pack   'C:\\Users\\zubair.shaikh\\Documents\\GitHub\\calculatorz' ]
10 verbose tarball C:\Users\zubair.shaikh\AppData\Roaming\npm-cache\calculatorz\1.1.1\package.tgz
11 verbose folder C:\Users\zubair.shaikh\Documents\GitHub\calculatorz
12 info prepublish calculatorz@1.1.1
13 verbose addLocalTarball adding from inside cache C:\Users\zubair.shaikh\AppData\Roaming\npm-cache\calculatorz\1.1.1\package.tgz
14 silly cache afterAdd calculatorz@1.1.1
15 verbose afterAdd C:\Users\zubair.shaikh\AppData\Roaming\npm-cache\calculatorz\1.1.1\package\package.json not in flight; writing
16 verbose afterAdd C:\Users\zubair.shaikh\AppData\Roaming\npm-cache\calculatorz\1.1.1\package\package.json written
17 silly publish { name: 'calculatorz',
17 silly publish   version: '1.1.1',
17 silly publish   description: 'this module is just for simple calculation like addition subtraction multiplication etc.',
17 silly publish   main: 'index.js',
17 silly publish   scripts: { test: '"no test command specified"' },
17 silly publish   repository:
17 silly publish    { type: 'git',
17 silly publish      url: 'git+https://github.com/zubairShaikh721/calculatorz.git' },
17 silly publish   keywords:
17 silly publish    [ 'calcultor',
17 silly publish      'calc',
17 silly publish      'calculation',
17 silly publish      'addition',
17 silly publish      'in',
17 silly publish      'nodejs',
17 silly publish      'calculation',
17 silly publish      'in',
17 silly publish      'nodejs' ],
17 silly publish   author: { name: 'zubair lee', email: 'johnextentia@gmail.com' },
17 silly publish   license: 'MIT',
17 silly publish   bugs: { url: 'https://github.com/zubairShaikh721/calculatorz/issues' },
17 silly publish   homepage: 'https://github.com/zubairShaikh721/calculatorz#readme',
17 silly publish   readme: '# Calculator\r\n***********************************\r\n\tSimple Calculation\r\n***********************************\r\n\r\n---------------------------------------\r\nversion:1.1.1\r\n--------------------------------------\r\nDescription:\r\n\tperform some common calculation like Addition, Substraction, Multiplication, Division etc.\r\n    This is first version so it has limited features, may be in next version i will do more than that \r\n    so you can perform more operation with it.\r\n-------  ------\r\nauthor:  Zee   \r\n-------  ------\r\n',
17 silly publish   readmeFilename: 'README.md',
17 silly publish   gitHead: '6f9ba8b52982743c611c16815462e9a96d6befd3',
17 silly publish   _id: 'calculatorz@1.1.1',
17 silly publish   _shasum: '654d0b972165b28e82067207679bc14f041c6174',
17 silly publish   _from: '.' }
18 verbose getPublishConfig undefined
19 silly mapToRegistry name calculatorz
20 silly mapToRegistry using default registry
21 silly mapToRegistry registry https://registry.npmjs.org/
22 silly mapToRegistry uri https://registry.npmjs.org/calculatorz
23 verbose publish registryBase https://registry.npmjs.org/
24 silly publish uploading C:\Users\zubair.shaikh\AppData\Roaming\npm-cache\calculatorz\1.1.1\package.tgz
25 verbose request uri https://registry.npmjs.org/calculatorz
26 verbose request sending authorization for write operation
27 info attempt registry request try #1 at 5:05:06 PM
28 verbose request using bearer token for auth
29 verbose request id 5682fc898ba92ddb
30 http request PUT https://registry.npmjs.org/calculatorz
31 http 403 https://registry.npmjs.org/calculatorz
32 verbose headers { 'content-type': 'application/json',
32 verbose headers   'cache-control': 'max-age=60',
32 verbose headers   'content-length': '95',
32 verbose headers   'accept-ranges': 'bytes',
32 verbose headers   date: 'Fri, 07 Aug 2015 11:35:08 GMT',
32 verbose headers   via: '1.1 varnish',
32 verbose headers   connection: 'keep-alive',
32 verbose headers   'x-served-by': 'cache-sin6927-SIN',
32 verbose headers   'x-cache': 'MISS',
32 verbose headers   'x-cache-hits': '0',
32 verbose headers   'x-timer': 'S1438947307.108706,VS0,VE1552' }
33 verbose request invalidating C:\Users\zubair.shaikh\AppData\Roaming\npm-cache\registry.npmjs.org\calculatorz on PUT
34 error publish Failed PUT 403
35 verbose stack Error: "You cannot publish over the previously published version 1.1.1." : calculatorz
35 verbose stack     at CachingRegistryClient.<anonymous> (C:\Program Files (x86)\nodejs\node_modules\npm\node_modules\npm-registry-client\lib\request.js:247:14)
35 verbose stack     at Request._callback (C:\Program Files (x86)\nodejs\node_modules\npm\node_modules\npm-registry-client\lib\request.js:170:14)
35 verbose stack     at Request.self.callback (C:\Program Files (x86)\nodejs\node_modules\npm\node_modules\request\request.js:368:22)
35 verbose stack     at Request.emit (events.js:110:17)
35 verbose stack     at Request.<anonymous> (C:\Program Files (x86)\nodejs\node_modules\npm\node_modules\request\request.js:1219:14)
35 verbose stack     at Request.emit (events.js:129:20)
35 verbose stack     at IncomingMessage.<anonymous> (C:\Program Files (x86)\nodejs\node_modules\npm\node_modules\request\request.js:1167:12)
35 verbose stack     at IncomingMessage.emit (events.js:129:20)
35 verbose stack     at _stream_readable.js:908:16
35 verbose stack     at process._tickCallback (node.js:355:11)
36 verbose statusCode 403
37 verbose pkgid calculatorz
38 verbose cwd C:\Users\zubair.shaikh\Documents\GitHub\calculatorz
39 error Windows_NT 6.3.9600
40 error argv "C:\\Program Files (x86)\\nodejs\\\\node.exe" "C:\\Program Files (x86)\\nodejs\\node_modules\\npm\\bin\\npm-cli.js" "publish"
41 error node v0.12.4
42 error npm  v2.10.1
43 error code E403
44 error "You cannot publish over the previously published version 1.1.1." : calculatorz
45 error If you need help, you may report this error at:
45 error     <https://github.com/npm/npm/issues>
46 verbose exit [ 1, true ]
